<?xml version="1.0" encoding="UTF-8"?>
<testsuite name="com.tr.tests.CreateBoard" tests="2" skipped="0" failures="0" errors="0" timestamp="2019-05-20T16:18:03" hostname="Lena-Toshiba" time="10.013">
  <properties/>
  <testcase name="boardCcountTest" classname="com.tr.tests.CreateBoard" time="0.458"/>
  <testcase name="boardCreationTest" classname="com.tr.tests.CreateBoard" time="9.528"/>
  <system-out><![CDATA[8
9    -   8
]]></system-out>
  <system-err><![CDATA[]]></system-err>
</testsuite>
